<?xml version="1.0" encoding="UTF-8"?>
<Site BuildName="Darwin-c++"
	BuildStamp="20231128-2357-Experimental"
	Name="eduroam-169-233-225-165.ucsc.edu"
	Generator="ctest-3.27.8"
	CompilerName="/Library/Developer/CommandLineTools/usr/bin/c++"
	CompilerVersion="13.1.6.13160021"
	OSName="macOS"
	Hostname="eduroam-169-233-225-165.ucsc.edu"
	OSRelease="12.1"
	OSVersion="21C52"
	OSPlatform="arm64"
	Is64Bits="1"
	VendorString="IBM"
	VendorID="IBM"
	FamilyID="16777228"
	ModelID="2"
	ProcessorCacheSize="131072"
	NumberOfLogicalCPU="8"
	NumberOfPhysicalCPU="8"
	TotalVirtualMemory="1024"
	TotalPhysicalMemory="8192"
	LogicalProcessorsPerPhysical="8"
	ProcessorClockFrequency="0"
	>
	<Testing>
		<StartDateTime>Nov 28 15:57 PST</StartDateTime>
		<StartTestTime>1701215852</StartTestTime>
		<TestList/>
		<EndDateTime>Nov 28 15:57 PST</EndDateTime>
		<EndTestTime>1701215852</EndTestTime>
		<ElapsedMinutes>0</ElapsedMinutes>
	</Testing>
</Site>
